1625402359486	geckodriver	INFO	Listening on 127.0.0.1:61992
1625402360141	mozrunner::runner	INFO	Running command: "/Applications/Firefox.app/Contents/MacOS/firefox-bin" "--marionette" "-foreground" "-no-remote" "-profile" "/var/folders/mw/wtlz2c3j6s3dvg2ph5_m30m00000gn/T/rust_mozprofileXbHGAL"
1625402360517	Marionette	INFO	Marionette enabled
2021-07-04 15:39:21.136 firefox-bin[17091:772968] Warning: Expected min height of view: (<NSButton: 0x12db16c00>) to be less than or equal to 30 but got a height of 32.000000. This error will be logged once per view in violation.
2021-07-04 15:39:21.136 firefox-bin[17091:772968] Warning: Expected min height of view: (<NSButton: 0x12db18800>) to be less than or equal to 30 but got a height of 32.000000. This error will be logged once per view in violation.
2021-07-04 15:39:21.137 firefox-bin[17091:772968] Warning: Expected min height of view: (<NSButton: 0x12db12400>) to be less than or equal to 30 but got a height of 32.000000. This error will be logged once per view in violation.
2021-07-04 15:39:21.137 firefox-bin[17091:772968] Warning: Expected min height of view: (<NSButton: 0x12db13400>) to be less than or equal to 30 but got a height of 32.000000. This error will be logged once per view in violation.
2021-07-04 15:39:21.138 firefox-bin[17091:772968] Warning: Expected min height of view: (<NSButton: 0x12db15800>) to be less than or equal to 30 but got a height of 32.000000. This error will be logged once per view in violation.
2021-07-04 15:39:21.139 firefox-bin[17091:772968] Warning: Expected min height of view: (<NSPopoverTouchBarItemButton: 0x12db12800>) to be less than or equal to 30 but got a height of 32.000000. This error will be logged once per view in violation.
2021-07-04 15:39:21.139 firefox-bin[17091:772968] Warning: Expected min height of view: (<NSPopoverTouchBarItemButton: 0x12dba6800>) to be less than or equal to 30 but got a height of 32.000000. This error will be logged once per view in violation.
console.warn: SearchSettings: "get: No settings file exists, new profile?" (new NotFoundError("Could not open the file at /var/folders/mw/wtlz2c3j6s3dvg2ph5_m30m00000gn/T/rust_mozprofileXbHGAL/search.json.mozlz4", (void 0)))
1625402362123	Marionette	INFO	Listening on port 62004
1625402362202	Marionette	WARN	TLS certificate errors will be ignored for this session
console.log: WebExtensions: reset-default-search: starting.
console.log: WebExtensions: reset-default-search: No addons in our list are installed.
1625404671390	geckodriver	INFO	Listening on 127.0.0.1:62209
1625404672407	mozrunner::runner	INFO	Running command: "/Applications/Firefox.app/Contents/MacOS/firefox-bin" "--marionette" "-foreground" "-no-remote" "-profile" "/var/folders/mw/wtlz2c3j6s3dvg2ph5_m30m00000gn/T/rust_mozprofilerO2H6q"
1625404672745	Marionette	INFO	Marionette enabled
2021-07-04 16:17:53.294 firefox-bin[17187:783971] Warning: Expected min height of view: (<NSButton: 0x127d6e800>) to be less than or equal to 30 but got a height of 32.000000. This error will be logged once per view in violation.
2021-07-04 16:17:53.294 firefox-bin[17187:783971] Warning: Expected min height of view: (<NSButton: 0x134ca3c00>) to be less than or equal to 30 but got a height of 32.000000. This error will be logged once per view in violation.
2021-07-04 16:17:53.295 firefox-bin[17187:783971] Warning: Expected min height of view: (<NSButton: 0x134ca5000>) to be less than or equal to 30 but got a height of 32.000000. This error will be logged once per view in violation.
2021-07-04 16:17:53.295 firefox-bin[17187:783971] Warning: Expected min height of view: (<NSButton: 0x134ca9000>) to be less than or equal to 30 but got a height of 32.000000. This error will be logged once per view in violation.
2021-07-04 16:17:53.296 firefox-bin[17187:783971] Warning: Expected min height of view: (<NSButton: 0x134ca5c00>) to be less than or equal to 30 but got a height of 32.000000. This error will be logged once per view in violation.
2021-07-04 16:17:53.296 firefox-bin[17187:783971] Warning: Expected min height of view: (<NSPopoverTouchBarItemButton: 0x134cac000>) to be less than or equal to 30 but got a height of 32.000000. This error will be logged once per view in violation.
2021-07-04 16:17:53.297 firefox-bin[17187:783971] Warning: Expected min height of view: (<NSPopoverTouchBarItemButton: 0x134d6e000>) to be less than or equal to 30 but got a height of 32.000000. This error will be logged once per view in violation.
console.warn: SearchSettings: "get: No settings file exists, new profile?" (new NotFoundError("Could not open the file at /var/folders/mw/wtlz2c3j6s3dvg2ph5_m30m00000gn/T/rust_mozprofilerO2H6q/search.json.mozlz4", (void 0)))
1625404674296	Marionette	INFO	Listening on port 62221
1625404674367	Marionette	WARN	TLS certificate errors will be ignored for this session
1625404719573	geckodriver	INFO	Listening on 127.0.0.1:62321
1625404720589	mozrunner::runner	INFO	Running command: "/Applications/Firefox.app/Contents/MacOS/firefox-bin" "--marionette" "-foreground" "-no-remote" "-profile" "/var/folders/mw/wtlz2c3j6s3dvg2ph5_m30m00000gn/T/rust_mozprofileAQnr6p"
1625404720912	Marionette	INFO	Marionette enabled
2021-07-04 16:18:41.475 firefox-bin[17208:784853] Warning: Expected min height of view: (<NSButton: 0x129443c00>) to be less than or equal to 30 but got a height of 32.000000. This error will be logged once per view in violation.
2021-07-04 16:18:41.476 firefox-bin[17208:784853] Warning: Expected min height of view: (<NSButton: 0x134f02c00>) to be less than or equal to 30 but got a height of 32.000000. This error will be logged once per view in violation.
2021-07-04 16:18:41.477 firefox-bin[17208:784853] Warning: Expected min height of view: (<NSButton: 0x134f03800>) to be less than or equal to 30 but got a height of 32.000000. This error will be logged once per view in violation.
2021-07-04 16:18:41.477 firefox-bin[17208:784853] Warning: Expected min height of view: (<NSButton: 0x134f10c00>) to be less than or equal to 30 but got a height of 32.000000. This error will be logged once per view in violation.
2021-07-04 16:18:41.478 firefox-bin[17208:784853] Warning: Expected min height of view: (<NSButton: 0x134f0e800>) to be less than or equal to 30 but got a height of 32.000000. This error will be logged once per view in violation.
2021-07-04 16:18:41.478 firefox-bin[17208:784853] Warning: Expected min height of view: (<NSPopoverTouchBarItemButton: 0x134f0b000>) to be less than or equal to 30 but got a height of 32.000000. This error will be logged once per view in violation.
2021-07-04 16:18:41.479 firefox-bin[17208:784853] Warning: Expected min height of view: (<NSPopoverTouchBarItemButton: 0x134fc8400>) to be less than or equal to 30 but got a height of 32.000000. This error will be logged once per view in violation.
console.warn: SearchSettings: "get: No settings file exists, new profile?" (new NotFoundError("Could not open the file at /var/folders/mw/wtlz2c3j6s3dvg2ph5_m30m00000gn/T/rust_mozprofileAQnr6p/search.json.mozlz4", (void 0)))
1625404722477	Marionette	INFO	Listening on port 62333
1625404722545	Marionette	WARN	TLS certificate errors will be ignored for this session
1625404827365	geckodriver	INFO	Listening on 127.0.0.1:62447
1625404828378	mozrunner::runner	INFO	Running command: "/Applications/Firefox.app/Contents/MacOS/firefox-bin" "--marionette" "-foreground" "-no-remote" "-profile" "/var/folders/mw/wtlz2c3j6s3dvg2ph5_m30m00000gn/T/rust_mozprofilels3e7c"
1625404828692	Marionette	INFO	Marionette enabled
2021-07-04 16:20:29.275 firefox-bin[17222:786279] Warning: Expected min height of view: (<NSButton: 0x13b205800>) to be less than or equal to 30 but got a height of 32.000000. This error will be logged once per view in violation.
2021-07-04 16:20:29.276 firefox-bin[17222:786279] Warning: Expected min height of view: (<NSButton: 0x13b208400>) to be less than or equal to 30 but got a height of 32.000000. This error will be logged once per view in violation.
2021-07-04 16:20:29.276 firefox-bin[17222:786279] Warning: Expected min height of view: (<NSButton: 0x13b205400>) to be less than or equal to 30 but got a height of 32.000000. This error will be logged once per view in violation.
2021-07-04 16:20:29.277 firefox-bin[17222:786279] Warning: Expected min height of view: (<NSButton: 0x13b203400>) to be less than or equal to 30 but got a height of 32.000000. This error will be logged once per view in violation.
2021-07-04 16:20:29.277 firefox-bin[17222:786279] Warning: Expected min height of view: (<NSButton: 0x13b207400>) to be less than or equal to 30 but got a height of 32.000000. This error will be logged once per view in violation.
2021-07-04 16:20:29.278 firefox-bin[17222:786279] Warning: Expected min height of view: (<NSPopoverTouchBarItemButton: 0x13b210000>) to be less than or equal to 30 but got a height of 32.000000. This error will be logged once per view in violation.
2021-07-04 16:20:29.278 firefox-bin[17222:786279] Warning: Expected min height of view: (<NSPopoverTouchBarItemButton: 0x13b209800>) to be less than or equal to 30 but got a height of 32.000000. This error will be logged once per view in violation.
console.warn: SearchSettings: "get: No settings file exists, new profile?" (new NotFoundError("Could not open the file at /var/folders/mw/wtlz2c3j6s3dvg2ph5_m30m00000gn/T/rust_mozprofilels3e7c/search.json.mozlz4", (void 0)))
1625404830334	Marionette	INFO	Listening on port 62458
1625404830349	Marionette	WARN	TLS certificate errors will be ignored for this session
1625404834160	Marionette	INFO	Stopped listening on port 62004

###!!! [Parent][RunMessage] Error: Channel closing: too late to send/recv, messages will be lost

1625404841582	Marionette	INFO	Stopped listening on port 62333

###!!! [Parent][RunMessage] Error: Channel closing: too late to send/recv, messages will be lost

1625404905142	geckodriver	INFO	Listening on 127.0.0.1:62586
1625404906156	mozrunner::runner	INFO	Running command: "/Applications/Firefox.app/Contents/MacOS/firefox-bin" "--marionette" "-foreground" "-no-remote" "-profile" "/var/folders/mw/wtlz2c3j6s3dvg2ph5_m30m00000gn/T/rust_mozprofileQhZP81"
1625404906498	Marionette	INFO	Marionette enabled
2021-07-04 16:21:47.075 firefox-bin[17262:787865] Warning: Expected min height of view: (<NSButton: 0x12af1d800>) to be less than or equal to 30 but got a height of 32.000000. This error will be logged once per view in violation.
2021-07-04 16:21:47.076 firefox-bin[17262:787865] Warning: Expected min height of view: (<NSButton: 0x137c07400>) to be less than or equal to 30 but got a height of 32.000000. This error will be logged once per view in violation.
2021-07-04 16:21:47.076 firefox-bin[17262:787865] Warning: Expected min height of view: (<NSButton: 0x137c08c00>) to be less than or equal to 30 but got a height of 32.000000. This error will be logged once per view in violation.
2021-07-04 16:21:47.077 firefox-bin[17262:787865] Warning: Expected min height of view: (<NSButton: 0x137c09000>) to be less than or equal to 30 but got a height of 32.000000. This error will be logged once per view in violation.
2021-07-04 16:21:47.077 firefox-bin[17262:787865] Warning: Expected min height of view: (<NSButton: 0x137c0f400>) to be less than or equal to 30 but got a height of 32.000000. This error will be logged once per view in violation.
2021-07-04 16:21:47.078 firefox-bin[17262:787865] Warning: Expected min height of view: (<NSPopoverTouchBarItemButton: 0x137c0e000>) to be less than or equal to 30 but got a height of 32.000000. This error will be logged once per view in violation.
2021-07-04 16:21:47.078 firefox-bin[17262:787865] Warning: Expected min height of view: (<NSPopoverTouchBarItemButton: 0x137ccfc00>) to be less than or equal to 30 but got a height of 32.000000. This error will be logged once per view in violation.
console.warn: SearchSettings: "get: No settings file exists, new profile?" (new NotFoundError("Could not open the file at /var/folders/mw/wtlz2c3j6s3dvg2ph5_m30m00000gn/T/rust_mozprofileQhZP81/search.json.mozlz4", (void 0)))
1625404907916	Marionette	INFO	Listening on port 62598
1625404908023	Marionette	WARN	TLS certificate errors will be ignored for this session
1625404934305	geckodriver	INFO	Listening on 127.0.0.1:62706
1625404935320	mozrunner::runner	INFO	Running command: "/Applications/Firefox.app/Contents/MacOS/firefox-bin" "--marionette" "-foreground" "-no-remote" "-profile" "/var/folders/mw/wtlz2c3j6s3dvg2ph5_m30m00000gn/T/rust_mozprofileI7mayY"
1625404935689	Marionette	INFO	Marionette enabled
2021-07-04 16:22:16.213 firefox-bin[17278:788637] Warning: Expected min height of view: (<NSButton: 0x127dbe800>) to be less than or equal to 30 but got a height of 32.000000. This error will be logged once per view in violation.
2021-07-04 16:22:16.214 firefox-bin[17278:788637] Warning: Expected min height of view: (<NSButton: 0x133059800>) to be less than or equal to 30 but got a height of 32.000000. This error will be logged once per view in violation.
2021-07-04 16:22:16.215 firefox-bin[17278:788637] Warning: Expected min height of view: (<NSButton: 0x133057400>) to be less than or equal to 30 but got a height of 32.000000. This error will be logged once per view in violation.
2021-07-04 16:22:16.215 firefox-bin[17278:788637] Warning: Expected min height of view: (<NSButton: 0x13305bc00>) to be less than or equal to 30 but got a height of 32.000000. This error will be logged once per view in violation.
2021-07-04 16:22:16.216 firefox-bin[17278:788637] Warning: Expected min height of view: (<NSButton: 0x133059000>) to be less than or equal to 30 but got a height of 32.000000. This error will be logged once per view in violation.
2021-07-04 16:22:16.216 firefox-bin[17278:788637] Warning: Expected min height of view: (<NSPopoverTouchBarItemButton: 0x13305c400>) to be less than or equal to 30 but got a height of 32.000000. This error will be logged once per view in violation.
2021-07-04 16:22:16.217 firefox-bin[17278:788637] Warning: Expected min height of view: (<NSPopoverTouchBarItemButton: 0x1332a8400>) to be less than or equal to 30 but got a height of 32.000000. This error will be logged once per view in violation.
console.warn: SearchSettings: "get: No settings file exists, new profile?" (new NotFoundError("Could not open the file at /var/folders/mw/wtlz2c3j6s3dvg2ph5_m30m00000gn/T/rust_mozprofileI7mayY/search.json.mozlz4", (void 0)))
1625404937167	Marionette	INFO	Listening on port 62718
1625404937191	Marionette	WARN	TLS certificate errors will be ignored for this session
1625405089387	geckodriver	INFO	Listening on 127.0.0.1:62877
1625405090399	mozrunner::runner	INFO	Running command: "/Applications/Firefox.app/Contents/MacOS/firefox-bin" "--marionette" "-foreground" "-no-remote" "-profile" "/var/folders/mw/wtlz2c3j6s3dvg2ph5_m30m00000gn/T/rust_mozprofilebYRsiG"
1625405090769	Marionette	INFO	Marionette enabled
2021-07-04 16:24:51.330 firefox-bin[17304:790922] Warning: Expected min height of view: (<NSButton: 0x12b8cc800>) to be less than or equal to 30 but got a height of 32.000000. This error will be logged once per view in violation.
2021-07-04 16:24:51.331 firefox-bin[17304:790922] Warning: Expected min height of view: (<NSButton: 0x138713000>) to be less than or equal to 30 but got a height of 32.000000. This error will be logged once per view in violation.
2021-07-04 16:24:51.331 firefox-bin[17304:790922] Warning: Expected min height of view: (<NSButton: 0x138714400>) to be less than or equal to 30 but got a height of 32.000000. This error will be logged once per view in violation.
2021-07-04 16:24:51.332 firefox-bin[17304:790922] Warning: Expected min height of view: (<NSButton: 0x138713400>) to be less than or equal to 30 but got a height of 32.000000. This error will be logged once per view in violation.
2021-07-04 16:24:51.332 firefox-bin[17304:790922] Warning: Expected min height of view: (<NSButton: 0x138713800>) to be less than or equal to 30 but got a height of 32.000000. This error will be logged once per view in violation.
2021-07-04 16:24:51.333 firefox-bin[17304:790922] Warning: Expected min height of view: (<NSPopoverTouchBarItemButton: 0x138721c00>) to be less than or equal to 30 but got a height of 32.000000. This error will be logged once per view in violation.
2021-07-04 16:24:51.333 firefox-bin[17304:790922] Warning: Expected min height of view: (<NSPopoverTouchBarItemButton: 0x13879a000>) to be less than or equal to 30 but got a height of 32.000000. This error will be logged once per view in violation.
console.warn: SearchSettings: "get: No settings file exists, new profile?" (new NotFoundError("Could not open the file at /var/folders/mw/wtlz2c3j6s3dvg2ph5_m30m00000gn/T/rust_mozprofilebYRsiG/search.json.mozlz4", (void 0)))
1625405092223	Marionette	INFO	Listening on port 62890
1625405092268	Marionette	WARN	TLS certificate errors will be ignored for this session
1625405103405	geckodriver	INFO	Listening on 127.0.0.1:62997
1625405104416	mozrunner::runner	INFO	Running command: "/Applications/Firefox.app/Contents/MacOS/firefox-bin" "--marionette" "-foreground" "-no-remote" "-profile" "/var/folders/mw/wtlz2c3j6s3dvg2ph5_m30m00000gn/T/rust_mozprofileITU24g"
1625405104785	Marionette	INFO	Marionette enabled
2021-07-04 16:25:05.338 firefox-bin[17314:791496] Warning: Expected min height of view: (<NSButton: 0x12c866800>) to be less than or equal to 30 but got a height of 32.000000. This error will be logged once per view in violation.
2021-07-04 16:25:05.339 firefox-bin[17314:791496] Warning: Expected min height of view: (<NSButton: 0x1379efc00>) to be less than or equal to 30 but got a height of 32.000000. This error will be logged once per view in violation.
2021-07-04 16:25:05.339 firefox-bin[17314:791496] Warning: Expected min height of view: (<NSButton: 0x1379ecc00>) to be less than or equal to 30 but got a height of 32.000000. This error will be logged once per view in violation.
2021-07-04 16:25:05.340 firefox-bin[17314:791496] Warning: Expected min height of view: (<NSButton: 0x1379ea000>) to be less than or equal to 30 but got a height of 32.000000. This error will be logged once per view in violation.
2021-07-04 16:25:05.340 firefox-bin[17314:791496] Warning: Expected min height of view: (<NSButton: 0x1379ea400>) to be less than or equal to 30 but got a height of 32.000000. This error will be logged once per view in violation.
2021-07-04 16:25:05.341 firefox-bin[17314:791496] Warning: Expected min height of view: (<NSPopoverTouchBarItemButton: 0x1379eec00>) to be less than or equal to 30 but got a height of 32.000000. This error will be logged once per view in violation.
2021-07-04 16:25:05.341 firefox-bin[17314:791496] Warning: Expected min height of view: (<NSPopoverTouchBarItemButton: 0x137c72800>) to be less than or equal to 30 but got a height of 32.000000. This error will be logged once per view in violation.
console.warn: SearchSettings: "get: No settings file exists, new profile?" (new NotFoundError("Could not open the file at /var/folders/mw/wtlz2c3j6s3dvg2ph5_m30m00000gn/T/rust_mozprofileITU24g/search.json.mozlz4", (void 0)))
1625405106348	Marionette	INFO	Listening on port 63008
1625405106395	Marionette	WARN	TLS certificate errors will be ignored for this session
1625405124591	geckodriver	INFO	Listening on 127.0.0.1:63119
1625405125603	mozrunner::runner	INFO	Running command: "/Applications/Firefox.app/Contents/MacOS/firefox-bin" "--marionette" "-foreground" "-no-remote" "-profile" "/var/folders/mw/wtlz2c3j6s3dvg2ph5_m30m00000gn/T/rust_mozprofilejEaudz"
1625405125974	Marionette	INFO	Marionette enabled
2021-07-04 16:25:26.532 firefox-bin[17328:792162] Warning: Expected min height of view: (<NSButton: 0x12a916400>) to be less than or equal to 30 but got a height of 32.000000. This error will be logged once per view in violation.
2021-07-04 16:25:26.533 firefox-bin[17328:792162] Warning: Expected min height of view: (<NSButton: 0x137718000>) to be less than or equal to 30 but got a height of 32.000000. This error will be logged once per view in violation.
2021-07-04 16:25:26.533 firefox-bin[17328:792162] Warning: Expected min height of view: (<NSButton: 0x137718400>) to be less than or equal to 30 but got a height of 32.000000. This error will be logged once per view in violation.
2021-07-04 16:25:26.534 firefox-bin[17328:792162] Warning: Expected min height of view: (<NSButton: 0x137712800>) to be less than or equal to 30 but got a height of 32.000000. This error will be logged once per view in violation.
2021-07-04 16:25:26.534 firefox-bin[17328:792162] Warning: Expected min height of view: (<NSButton: 0x137718800>) to be less than or equal to 30 but got a height of 32.000000. This error will be logged once per view in violation.
2021-07-04 16:25:26.535 firefox-bin[17328:792162] Warning: Expected min height of view: (<NSPopoverTouchBarItemButton: 0x137714000>) to be less than or equal to 30 but got a height of 32.000000. This error will be logged once per view in violation.
2021-07-04 16:25:26.535 firefox-bin[17328:792162] Warning: Expected min height of view: (<NSPopoverTouchBarItemButton: 0x1377cec00>) to be less than or equal to 30 but got a height of 32.000000. This error will be logged once per view in violation.
console.warn: SearchSettings: "get: No settings file exists, new profile?" (new NotFoundError("Could not open the file at /var/folders/mw/wtlz2c3j6s3dvg2ph5_m30m00000gn/T/rust_mozprofilejEaudz/search.json.mozlz4", (void 0)))
1625405127647	Marionette	INFO	Listening on port 63131
1625405127677	Marionette	WARN	TLS certificate errors will be ignored for this session
1625405142019	geckodriver	INFO	Listening on 127.0.0.1:63243
1625405143031	mozrunner::runner	INFO	Running command: "/Applications/Firefox.app/Contents/MacOS/firefox-bin" "--marionette" "-foreground" "-no-remote" "-profile" "/var/folders/mw/wtlz2c3j6s3dvg2ph5_m30m00000gn/T/rust_mozprofilefyj9rs"
1625405143352	Marionette	INFO	Marionette enabled
2021-07-04 16:25:43.914 firefox-bin[17341:792807] Warning: Expected min height of view: (<NSButton: 0x12b76dc00>) to be less than or equal to 30 but got a height of 32.000000. This error will be logged once per view in violation.
2021-07-04 16:25:43.915 firefox-bin[17341:792807] Warning: Expected min height of view: (<NSButton: 0x138630400>) to be less than or equal to 30 but got a height of 32.000000. This error will be logged once per view in violation.
2021-07-04 16:25:43.915 firefox-bin[17341:792807] Warning: Expected min height of view: (<NSButton: 0x138631c00>) to be less than or equal to 30 but got a height of 32.000000. This error will be logged once per view in violation.
2021-07-04 16:25:43.916 firefox-bin[17341:792807] Warning: Expected min height of view: (<NSButton: 0x138632c00>) to be less than or equal to 30 but got a height of 32.000000. This error will be logged once per view in violation.
2021-07-04 16:25:43.916 firefox-bin[17341:792807] Warning: Expected min height of view: (<NSButton: 0x138634400>) to be less than or equal to 30 but got a height of 32.000000. This error will be logged once per view in violation.
2021-07-04 16:25:43.917 firefox-bin[17341:792807] Warning: Expected min height of view: (<NSPopoverTouchBarItemButton: 0x138630800>) to be less than or equal to 30 but got a height of 32.000000. This error will be logged once per view in violation.
2021-07-04 16:25:43.917 firefox-bin[17341:792807] Warning: Expected min height of view: (<NSPopoverTouchBarItemButton: 0x13875d400>) to be less than or equal to 30 but got a height of 32.000000. This error will be logged once per view in violation.
console.warn: SearchSettings: "get: No settings file exists, new profile?" (new NotFoundError("Could not open the file at /var/folders/mw/wtlz2c3j6s3dvg2ph5_m30m00000gn/T/rust_mozprofilefyj9rs/search.json.mozlz4", (void 0)))
1625405144876	Marionette	INFO	Listening on port 63255
1625405144994	Marionette	WARN	TLS certificate errors will be ignored for this session
1625405159305	Marionette	INFO	Stopped listening on port 62221

###!!! [Parent][RunMessage] Error: Channel closing: too late to send/recv, messages will be lost

1625405161169	Marionette	INFO	Stopped listening on port 62458

###!!! [Parent][RunMessage] Error: Channel closing: too late to send/recv, messages will be lost

1625405164537	Marionette	INFO	Stopped listening on port 62718

###!!! [Parent][RunMessage] Error: Channel closing: too late to send/recv, messages will be lost

1625405166346	Marionette	INFO	Stopped listening on port 62598

###!!! [Parent][RunMessage] Error: Channel closing: too late to send/recv, messages will be lost

1625405168000	Marionette	INFO	Stopped listening on port 62890

###!!! [Parent][RunMessage] Error: Channel closing: too late to send/recv, messages will be lost

1625405169810	Marionette	INFO	Stopped listening on port 63008

###!!! [Parent][RunMessage] Error: Channel closing: too late to send/recv, messages will be lost

1625405171246	Marionette	INFO	Stopped listening on port 63131

###!!! [Parent][RunMessage] Error: Channel closing: too late to send/recv, messages will be lost

1625405173025	Marionette	INFO	Stopped listening on port 63255

###!!! [Parent][RunMessage] Error: Channel closing: too late to send/recv, messages will be lost

1625405293835	geckodriver	INFO	Listening on 127.0.0.1:63387
1625405294851	mozrunner::runner	INFO	Running command: "/Applications/Firefox.app/Contents/MacOS/firefox-bin" "--marionette" "-foreground" "-no-remote" "-profile" "/var/folders/mw/wtlz2c3j6s3dvg2ph5_m30m00000gn/T/rust_mozprofilee4B6Zo"
1625405295214	Marionette	INFO	Marionette enabled
2021-07-04 16:28:15.789 firefox-bin[17361:794958] Warning: Expected min height of view: (<NSButton: 0x123916400>) to be less than or equal to 30 but got a height of 32.000000. This error will be logged once per view in violation.
2021-07-04 16:28:15.790 firefox-bin[17361:794958] Warning: Expected min height of view: (<NSButton: 0x130716800>) to be less than or equal to 30 but got a height of 32.000000. This error will be logged once per view in violation.
2021-07-04 16:28:15.790 firefox-bin[17361:794958] Warning: Expected min height of view: (<NSButton: 0x130716c00>) to be less than or equal to 30 but got a height of 32.000000. This error will be logged once per view in violation.
2021-07-04 16:28:15.791 firefox-bin[17361:794958] Warning: Expected min height of view: (<NSButton: 0x130717000>) to be less than or equal to 30 but got a height of 32.000000. This error will be logged once per view in violation.
2021-07-04 16:28:15.791 firefox-bin[17361:794958] Warning: Expected min height of view: (<NSButton: 0x130717400>) to be less than or equal to 30 but got a height of 32.000000. This error will be logged once per view in violation.
2021-07-04 16:28:15.792 firefox-bin[17361:794958] Warning: Expected min height of view: (<NSPopoverTouchBarItemButton: 0x13071b800>) to be less than or equal to 30 but got a height of 32.000000. This error will be logged once per view in violation.
2021-07-04 16:28:15.792 firefox-bin[17361:794958] Warning: Expected min height of view: (<NSPopoverTouchBarItemButton: 0x12f70e400>) to be less than or equal to 30 but got a height of 32.000000. This error will be logged once per view in violation.
console.warn: SearchSettings: "get: No settings file exists, new profile?" (new NotFoundError("Could not open the file at /var/folders/mw/wtlz2c3j6s3dvg2ph5_m30m00000gn/T/rust_mozprofilee4B6Zo/search.json.mozlz4", (void 0)))
1625405296676	Marionette	INFO	Listening on port 63399
1625405296711	Marionette	WARN	TLS certificate errors will be ignored for this session
1625405302528	Marionette	INFO	Stopped listening on port 63399
JavaScript error: resource://gre/modules/Sqlite.jsm, line 1030: Error: Sqlite.jsm has been shutdown. Cannot open connection to: /var/folders/mw/wtlz2c3j6s3dvg2ph5_m30m00000gn/T/rust_mozprofilee4B6Zo/protections.sqlite

###!!! [Parent][RunMessage] Error: Channel closing: too late to send/recv, messages will be lost

1625405425033	geckodriver	INFO	Listening on 127.0.0.1:63496
1625405426047	mozrunner::runner	INFO	Running command: "/Applications/Firefox.app/Contents/MacOS/firefox-bin" "--marionette" "-foreground" "-no-remote" "-profile" "/var/folders/mw/wtlz2c3j6s3dvg2ph5_m30m00000gn/T/rust_mozprofile1HdsnB"
1625405426422	Marionette	INFO	Marionette enabled
2021-07-04 16:30:26.964 firefox-bin[17383:796742] Warning: Expected min height of view: (<NSButton: 0x120f2ac00>) to be less than or equal to 30 but got a height of 32.000000. This error will be logged once per view in violation.
2021-07-04 16:30:26.964 firefox-bin[17383:796742] Warning: Expected min height of view: (<NSButton: 0x12db1c800>) to be less than or equal to 30 but got a height of 32.000000. This error will be logged once per view in violation.
2021-07-04 16:30:26.965 firefox-bin[17383:796742] Warning: Expected min height of view: (<NSButton: 0x12db1dc00>) to be less than or equal to 30 but got a height of 32.000000. This error will be logged once per view in violation.
2021-07-04 16:30:26.965 firefox-bin[17383:796742] Warning: Expected min height of view: (<NSButton: 0x12db1e000>) to be less than or equal to 30 but got a height of 32.000000. This error will be logged once per view in violation.
2021-07-04 16:30:26.966 firefox-bin[17383:796742] Warning: Expected min height of view: (<NSButton: 0x12db22000>) to be less than or equal to 30 but got a height of 32.000000. This error will be logged once per view in violation.
2021-07-04 16:30:26.967 firefox-bin[17383:796742] Warning: Expected min height of view: (<NSPopoverTouchBarItemButton: 0x12db24000>) to be less than or equal to 30 but got a height of 32.000000. This error will be logged once per view in violation.
2021-07-04 16:30:26.967 firefox-bin[17383:796742] Warning: Expected min height of view: (<NSPopoverTouchBarItemButton: 0x12dbc6000>) to be less than or equal to 30 but got a height of 32.000000. This error will be logged once per view in violation.
console.warn: SearchSettings: "get: No settings file exists, new profile?" (new NotFoundError("Could not open the file at /var/folders/mw/wtlz2c3j6s3dvg2ph5_m30m00000gn/T/rust_mozprofile1HdsnB/search.json.mozlz4", (void 0)))
1625405427873	Marionette	INFO	Listening on port 63508
1625405427910	Marionette	WARN	TLS certificate errors will be ignored for this session
1625405448107	geckodriver	INFO	Listening on 127.0.0.1:63615
1625405449119	mozrunner::runner	INFO	Running command: "/Applications/Firefox.app/Contents/MacOS/firefox-bin" "--marionette" "-foreground" "-no-remote" "-profile" "/var/folders/mw/wtlz2c3j6s3dvg2ph5_m30m00000gn/T/rust_mozprofile1FJrB3"
1625405449471	Marionette	INFO	Marionette enabled
2021-07-04 16:30:50.030 firefox-bin[17394:797384] Warning: Expected min height of view: (<NSButton: 0x12d8ca400>) to be less than or equal to 30 but got a height of 32.000000. This error will be logged once per view in violation.
2021-07-04 16:30:50.030 firefox-bin[17394:797384] Warning: Expected min height of view: (<NSButton: 0x13a618400>) to be less than or equal to 30 but got a height of 32.000000. This error will be logged once per view in violation.
2021-07-04 16:30:50.031 firefox-bin[17394:797384] Warning: Expected min height of view: (<NSButton: 0x13a618800>) to be less than or equal to 30 but got a height of 32.000000. This error will be logged once per view in violation.
2021-07-04 16:30:50.031 firefox-bin[17394:797384] Warning: Expected min height of view: (<NSButton: 0x13a613800>) to be less than or equal to 30 but got a height of 32.000000. This error will be logged once per view in violation.
2021-07-04 16:30:50.032 firefox-bin[17394:797384] Warning: Expected min height of view: (<NSButton: 0x13a619400>) to be less than or equal to 30 but got a height of 32.000000. This error will be logged once per view in violation.
2021-07-04 16:30:50.032 firefox-bin[17394:797384] Warning: Expected min height of view: (<NSPopoverTouchBarItemButton: 0x13a61a000>) to be less than or equal to 30 but got a height of 32.000000. This error will be logged once per view in violation.
2021-07-04 16:30:50.033 firefox-bin[17394:797384] Warning: Expected min height of view: (<NSPopoverTouchBarItemButton: 0x13a6d1800>) to be less than or equal to 30 but got a height of 32.000000. This error will be logged once per view in violation.
console.warn: SearchSettings: "get: No settings file exists, new profile?" (new NotFoundError("Could not open the file at /var/folders/mw/wtlz2c3j6s3dvg2ph5_m30m00000gn/T/rust_mozprofile1FJrB3/search.json.mozlz4", (void 0)))
1625405450915	Marionette	INFO	Listening on port 63628
1625405450960	Marionette	WARN	TLS certificate errors will be ignored for this session
1625405454367	Marionette	INFO	Stopped listening on port 63628

###!!! [Parent][RunMessage] Error: Channel closing: too late to send/recv, messages will be lost

1625405685875	geckodriver	INFO	Listening on 127.0.0.1:63725
1625405685884	mozrunner::runner	INFO	Running command: "/Applications/Firefox.app/Contents/MacOS/firefox-bin" "--marionette" "-foreground" "-no-remote" "-profile" "/var/folders/mw/wtlz2c3j6s3dvg2ph5_m30m00000gn/T/rust_mozprofilehPWBIK"
1625405686229	Marionette	INFO	Marionette enabled
2021-07-04 16:34:46.896 firefox-bin[17431:799297] Warning: Expected min height of view: (<NSButton: 0x137406000>) to be less than or equal to 30 but got a height of 32.000000. This error will be logged once per view in violation.
2021-07-04 16:34:46.897 firefox-bin[17431:799297] Warning: Expected min height of view: (<NSButton: 0x13740d400>) to be less than or equal to 30 but got a height of 32.000000. This error will be logged once per view in violation.
2021-07-04 16:34:46.897 firefox-bin[17431:799297] Warning: Expected min height of view: (<NSButton: 0x13740e800>) to be less than or equal to 30 but got a height of 32.000000. This error will be logged once per view in violation.
2021-07-04 16:34:46.898 firefox-bin[17431:799297] Warning: Expected min height of view: (<NSButton: 0x114f05000>) to be less than or equal to 30 but got a height of 32.000000. This error will be logged once per view in violation.
2021-07-04 16:34:46.898 firefox-bin[17431:799297] Warning: Expected min height of view: (<NSButton: 0x13740c800>) to be less than or equal to 30 but got a height of 32.000000. This error will be logged once per view in violation.
2021-07-04 16:34:46.899 firefox-bin[17431:799297] Warning: Expected min height of view: (<NSPopoverTouchBarItemButton: 0x13740e400>) to be less than or equal to 30 but got a height of 32.000000. This error will be logged once per view in violation.
2021-07-04 16:34:46.900 firefox-bin[17431:799297] Warning: Expected min height of view: (<NSPopoverTouchBarItemButton: 0x1374c9000>) to be less than or equal to 30 but got a height of 32.000000. This error will be logged once per view in violation.
console.warn: SearchSettings: "get: No settings file exists, new profile?" (new NotFoundError("Could not open the file at /var/folders/mw/wtlz2c3j6s3dvg2ph5_m30m00000gn/T/rust_mozprofilehPWBIK/search.json.mozlz4", (void 0)))
1625405687723	Marionette	INFO	Listening on port 63730
1625405687742	Marionette	WARN	TLS certificate errors will be ignored for this session
1625405691001	Marionette	INFO	Stopped listening on port 63730

###!!! [Parent][RunMessage] Error: Channel closing: too late to send/recv, messages will be lost

1625405797602	geckodriver	INFO	Listening on 127.0.0.1:63829
1625405797609	mozrunner::runner	INFO	Running command: "/Applications/Firefox.app/Contents/MacOS/firefox-bin" "--marionette" "-foreground" "-no-remote" "-profile" "/var/folders/mw/wtlz2c3j6s3dvg2ph5_m30m00000gn/T/rust_mozprofilem9xiPs"
1625405797929	Marionette	INFO	Marionette enabled
2021-07-04 16:36:38.488 firefox-bin[17454:800510] Warning: Expected min height of view: (<NSButton: 0x127d74400>) to be less than or equal to 30 but got a height of 32.000000. This error will be logged once per view in violation.
2021-07-04 16:36:38.488 firefox-bin[17454:800510] Warning: Expected min height of view: (<NSButton: 0x134bc3400>) to be less than or equal to 30 but got a height of 32.000000. This error will be logged once per view in violation.
2021-07-04 16:36:38.489 firefox-bin[17454:800510] Warning: Expected min height of view: (<NSButton: 0x134bc5000>) to be less than or equal to 30 but got a height of 32.000000. This error will be logged once per view in violation.
2021-07-04 16:36:38.490 firefox-bin[17454:800510] Warning: Expected min height of view: (<NSButton: 0x134bc6400>) to be less than or equal to 30 but got a height of 32.000000. This error will be logged once per view in violation.
2021-07-04 16:36:38.490 firefox-bin[17454:800510] Warning: Expected min height of view: (<NSButton: 0x134bc6800>) to be less than or equal to 30 but got a height of 32.000000. This error will be logged once per view in violation.
2021-07-04 16:36:38.491 firefox-bin[17454:800510] Warning: Expected min height of view: (<NSPopoverTouchBarItemButton: 0x134bc8000>) to be less than or equal to 30 but got a height of 32.000000. This error will be logged once per view in violation.
2021-07-04 16:36:38.491 firefox-bin[17454:800510] Warning: Expected min height of view: (<NSPopoverTouchBarItemButton: 0x12a2c0400>) to be less than or equal to 30 but got a height of 32.000000. This error will be logged once per view in violation.
console.warn: SearchSettings: "get: No settings file exists, new profile?" (new NotFoundError("Could not open the file at /var/folders/mw/wtlz2c3j6s3dvg2ph5_m30m00000gn/T/rust_mozprofilem9xiPs/search.json.mozlz4", (void 0)))
1625405799366	Marionette	INFO	Listening on port 63838
1625405799468	Marionette	WARN	TLS certificate errors will be ignored for this session
1625405804033	Marionette	INFO	Stopped listening on port 63838
JavaScript error: resource://gre/modules/Sqlite.jsm, line 1030: Error: Sqlite.jsm has been shutdown. Cannot open connection to: /var/folders/mw/wtlz2c3j6s3dvg2ph5_m30m00000gn/T/rust_mozprofilem9xiPs/protections.sqlite

###!!! [Parent][RunMessage] Error: Channel closing: too late to send/recv, messages will be lost

JavaScript error: https://www.public-cyprus.com.cy/assets/cy/bundle_dt.min.js?version=v8.3.1, line 1: Error: Script error for "modules/general_functions"
http://requirejs.org/docs/errors.html#scripterror
JavaScript error: https://www.public-cyprus.com.cy/product/ps5-game-returnal/prod10802713pp/ line 1888 > injectedScript, line 1: ReferenceError: ORA is not defined
JavaScript error: https://s7.addthis.com/static/sh.f48a1a04fe8dbf021b4cda1d.html#rand=0.18037273727213743&iit=1625405886865&tmr=load%3D1625405886689%26core%3D1625405886705%26main%3D1625405886863%26ifr%3D1625405886868&cb=0&cdn=0&md=0&kw=&ab=-&dh=www.public-cyprus.com.cy&dr=https%3A%2F%2Fwww.public-cyprus.com.cy%2Fcy%2Fsearch%2Fdt%2FsearchResultsSN.jsp%3Fq%3Dps5&du=https%3A%2F%2Fwww.public-cyprus.com.cy%2Fproduct%2Fgaming%2Fgames%2Fps5%2Fps5-game-returnal%2Fprod10802713pp%2F&href=https%3A%2F%2Fwww.public-cyprus.com.cy%2Fproduct%2Fps5-game-returnal%2Fprod10802713pp%2F&dt=PS5%20Game%20-%20Returnal&dbg=0&cap=tc%3D0%26ab%3D0&inst=1&jsl=0&prod=true&lng=en&ogt=description%2Curl%2Csite_name%2Cimage%2Ctype%3Dproduct%2Ctitle&pc=men&pub=ra-50363b30122a67e9&ssl=1&sid=60e1b9bedc73f81c&srf=0.01&ver=300&xck=0&xtr=0&og=title%3DPS5%2520Game%2520-%2520Returnal%26type%3Dproduct%26image%3D%252F%252Fexternal.webstorage.gr%252FProduct-Images%252F1529354%252Freturnal-housemarque-200-1529354.jpg%26site_name%3Dwww.public-cyprus.com.cy%26url%3D%252F%252Fwww.public-cyprus.com.cy%252Fproduct%252Fgaming%252Fgames%252Fps5%252Fps5-game-returnal%252Fprod10802713pp%252F%26description%3D%25CE%2594%25CE%25B5%25CF%2582%2520%25CE%25B5%25CE%25B4%25CF%258E%2520%25CE%25B1%25CE%25BD%25CE%25B1%25CE%25BB%25CF%2585%25CF%2584%25CE%25B9%25CE%25BA%25CE%25AC!&csi=undefined&rev=v8.28.8-wp&ct=1&xld=1&xd=1, line 41: TypeError: (intermediate value).search is not a function
JavaScript error: https://s7.addthis.com/static/sh.f48a1a04fe8dbf021b4cda1d.html#rand=0.18037273727213743&iit=1625405886865&tmr=load%3D1625405886689%26core%3D1625405886705%26main%3D1625405886863%26ifr%3D1625405886868&cb=0&cdn=0&md=0&kw=&ab=-&dh=www.public-cyprus.com.cy&dr=https%3A%2F%2Fwww.public-cyprus.com.cy%2Fcy%2Fsearch%2Fdt%2FsearchResultsSN.jsp%3Fq%3Dps5&du=https%3A%2F%2Fwww.public-cyprus.com.cy%2Fproduct%2Fgaming%2Fgames%2Fps5%2Fps5-game-returnal%2Fprod10802713pp%2F&href=https%3A%2F%2Fwww.public-cyprus.com.cy%2Fproduct%2Fps5-game-returnal%2Fprod10802713pp%2F&dt=PS5%20Game%20-%20Returnal&dbg=0&cap=tc%3D0%26ab%3D0&inst=1&jsl=0&prod=true&lng=en&ogt=description%2Curl%2Csite_name%2Cimage%2Ctype%3Dproduct%2Ctitle&pc=men&pub=ra-50363b30122a67e9&ssl=1&sid=60e1b9bedc73f81c&srf=0.01&ver=300&xck=0&xtr=0&og=title%3DPS5%2520Game%2520-%2520Returnal%26type%3Dproduct%26image%3D%252F%252Fexternal.webstorage.gr%252FProduct-Images%252F1529354%252Freturnal-housemarque-200-1529354.jpg%26site_name%3Dwww.public-cyprus.com.cy%26url%3D%252F%252Fwww.public-cyprus.com.cy%252Fproduct%252Fgaming%252Fgames%252Fps5%252Fps5-game-returnal%252Fprod10802713pp%252F%26description%3D%25CE%2594%25CE%25B5%25CF%2582%2520%25CE%25B5%25CE%25B4%25CF%258E%2520%25CE%25B1%25CE%25BD%25CE%25B1%25CE%25BB%25CF%2585%25CF%2584%25CE%25B9%25CE%25BA%25CE%25AC!&csi=undefined&rev=v8.28.8-wp&ct=1&xld=1&xd=1, line 41: TypeError: (intermediate value).search is not a function
*************************
A coding exception was thrown in a Promise resolution callback.
See https://developer.mozilla.org/Mozilla/JavaScript_code_modules/Promise.jsm/Promise

Full message: TypeError: controllerWindow is null
Full stack: installController@resource://devtools/client/shared/undo.js:144:25
get undo@resource://devtools/client/inspector/markup/markup.js:417:18
get undo@resource://devtools/client/inspector/markup/views/markup-container.js:50:5
showTextEditor/done/<@resource://devtools/client/inspector/markup/views/text-editor.js:99:11
process@resource://gre/modules/Promise-backend.js:961:38
walkerLoop@resource://gre/modules/Promise-backend.js:845:29
Promise*scheduleWalkerLoop@resource://gre/modules/Promise-backend.js:775:19
schedulePromise@resource://gre/modules/Promise-backend.js:809:12
completePromise@resource://gre/modules/Promise-backend.js:741:12

*************************
console.error: "Tried to send a 'target-destroyed-form' event on an already destroyed actor 'watcher'"
Handler function threw an exception: TypeError: topFrame.browsingContext is null
Stack: matchRequest@resource://devtools/server/actors/network-monitor/network-observer.js:126:9
_onRequestHeader@resource://devtools/server/actors/network-monitor/network-observer.js:814:10
NetworkObserver.prototype.observeActivity<@resource://devtools/server/actors/network-monitor/network-observer.js:699:12
exports.makeInfallible/<@resource://devtools/shared/ThreadSafeDevToolsUtils.js:103:22
Line: 126, column: 9
console.error: (new TypeError("topFrame.browsingContext is null", "resource://devtools/server/actors/network-monitor/network-observer.js", 126))
console.log: WebExtensions: reset-default-search: starting.
console.log: WebExtensions: reset-default-search: No addons in our list are installed.
Handler function _httpResponseExaminer threw an exception: TypeError: topFrame.browsingContext is null
Stack: matchRequest@resource://devtools/server/actors/network-monitor/network-observer.js:126:9
_httpResponseExaminer@resource://devtools/server/actors/network-monitor/network-observer.js:445:10
exports.makeInfallible/<@resource://devtools/shared/ThreadSafeDevToolsUtils.js:103:22
Line: 126, column: 9
console.error: (new TypeError("topFrame.browsingContext is null", "resource://devtools/server/actors/network-monitor/network-observer.js", 126))
1625405997833	geckodriver	INFO	Listening on 127.0.0.1:64059
1625405997840	mozrunner::runner	INFO	Running command: "/Applications/Firefox.app/Contents/MacOS/firefox-bin" "--marionette" "-foreground" "-no-remote" "-profile" "/var/folders/mw/wtlz2c3j6s3dvg2ph5_m30m00000gn/T/rust_mozprofileA7Plze"
1625405998201	Marionette	INFO	Marionette enabled
2021-07-04 16:39:58.770 firefox-bin[17496:803358] Warning: Expected min height of view: (<NSButton: 0x12edbf000>) to be less than or equal to 30 but got a height of 32.000000. This error will be logged once per view in violation.
2021-07-04 16:39:58.770 firefox-bin[17496:803358] Warning: Expected min height of view: (<NSButton: 0x13aa08800>) to be less than or equal to 30 but got a height of 32.000000. This error will be logged once per view in violation.
2021-07-04 16:39:58.771 firefox-bin[17496:803358] Warning: Expected min height of view: (<NSButton: 0x13aa0a400>) to be less than or equal to 30 but got a height of 32.000000. This error will be logged once per view in violation.
2021-07-04 16:39:58.771 firefox-bin[17496:803358] Warning: Expected min height of view: (<NSButton: 0x13aa0dc00>) to be less than or equal to 30 but got a height of 32.000000. This error will be logged once per view in violation.
2021-07-04 16:39:58.772 firefox-bin[17496:803358] Warning: Expected min height of view: (<NSButton: 0x13aa0e400>) to be less than or equal to 30 but got a height of 32.000000. This error will be logged once per view in violation.
2021-07-04 16:39:58.772 firefox-bin[17496:803358] Warning: Expected min height of view: (<NSPopoverTouchBarItemButton: 0x13aa0ac00>) to be less than or equal to 30 but got a height of 32.000000. This error will be logged once per view in violation.
2021-07-04 16:39:58.773 firefox-bin[17496:803358] Warning: Expected min height of view: (<NSPopoverTouchBarItemButton: 0x13aad3000>) to be less than or equal to 30 but got a height of 32.000000. This error will be logged once per view in violation.
console.warn: SearchSettings: "get: No settings file exists, new profile?" (new NotFoundError("Could not open the file at /var/folders/mw/wtlz2c3j6s3dvg2ph5_m30m00000gn/T/rust_mozprofileA7Plze/search.json.mozlz4", (void 0)))
1625405999712	Marionette	INFO	Listening on port 64068
1625405999809	Marionette	WARN	TLS certificate errors will be ignored for this session
1625406003027	Marionette	INFO	Stopped listening on port 64068

###!!! [Parent][RunMessage] Error: Channel closing: too late to send/recv, messages will be lost

1625406036389	geckodriver	INFO	Listening on 127.0.0.1:64165
1625406036399	mozrunner::runner	INFO	Running command: "/Applications/Firefox.app/Contents/MacOS/firefox-bin" "--marionette" "-foreground" "-no-remote" "-profile" "/var/folders/mw/wtlz2c3j6s3dvg2ph5_m30m00000gn/T/rust_mozprofileUM06QT"
1625406036741	Marionette	INFO	Marionette enabled
2021-07-04 16:40:37.315 firefox-bin[17511:804238] Warning: Expected min height of view: (<NSButton: 0x13d049400>) to be less than or equal to 30 but got a height of 32.000000. This error will be logged once per view in violation.
2021-07-04 16:40:37.315 firefox-bin[17511:804238] Warning: Expected min height of view: (<NSButton: 0x13d048c00>) to be less than or equal to 30 but got a height of 32.000000. This error will be logged once per view in violation.
2021-07-04 16:40:37.316 firefox-bin[17511:804238] Warning: Expected min height of view: (<NSButton: 0x13d04b800>) to be less than or equal to 30 but got a height of 32.000000. This error will be logged once per view in violation.
2021-07-04 16:40:37.317 firefox-bin[17511:804238] Warning: Expected min height of view: (<NSButton: 0x13d048400>) to be less than or equal to 30 but got a height of 32.000000. This error will be logged once per view in violation.
2021-07-04 16:40:37.317 firefox-bin[17511:804238] Warning: Expected min height of view: (<NSButton: 0x13d04c800>) to be less than or equal to 30 but got a height of 32.000000. This error will be logged once per view in violation.
2021-07-04 16:40:37.318 firefox-bin[17511:804238] Warning: Expected min height of view: (<NSPopoverTouchBarItemButton: 0x13d048000>) to be less than or equal to 30 but got a height of 32.000000. This error will be logged once per view in violation.
2021-07-04 16:40:37.318 firefox-bin[17511:804238] Warning: Expected min height of view: (<NSPopoverTouchBarItemButton: 0x13d050c00>) to be less than or equal to 30 but got a height of 32.000000. This error will be logged once per view in violation.
console.warn: SearchSettings: "get: No settings file exists, new profile?" (new NotFoundError("Could not open the file at /var/folders/mw/wtlz2c3j6s3dvg2ph5_m30m00000gn/T/rust_mozprofileUM06QT/search.json.mozlz4", (void 0)))
1625406038313	Marionette	INFO	Listening on port 64174
1625406038374	Marionette	WARN	TLS certificate errors will be ignored for this session
1625406042196	Marionette	INFO	Stopped listening on port 64174
JavaScript error: https://www.public-cyprus.com.cy/assets/cy/bundle_dt.min.js?version=v8.3.1, line 1: Error: Script error for "modules/general_functions"
http://requirejs.org/docs/errors.html#scripterror

###!!! [Parent][RunMessage] Error: Channel closing: too late to send/recv, messages will be lost

1625406097180	geckodriver	INFO	Listening on 127.0.0.1:64270
1625406097189	mozrunner::runner	INFO	Running command: "/Applications/Firefox.app/Contents/MacOS/firefox-bin" "--marionette" "-foreground" "-no-remote" "-profile" "/var/folders/mw/wtlz2c3j6s3dvg2ph5_m30m00000gn/T/rust_mozprofilej0Ltim"
1625406097502	Marionette	INFO	Marionette enabled
2021-07-04 16:41:38.054 firefox-bin[17528:805330] Warning: Expected min height of view: (<NSButton: 0x124b62800>) to be less than or equal to 30 but got a height of 32.000000. This error will be logged once per view in violation.
2021-07-04 16:41:38.054 firefox-bin[17528:805330] Warning: Expected min height of view: (<NSButton: 0x131ab2800>) to be less than or equal to 30 but got a height of 32.000000. This error will be logged once per view in violation.
2021-07-04 16:41:38.055 firefox-bin[17528:805330] Warning: Expected min height of view: (<NSButton: 0x131ab5000>) to be less than or equal to 30 but got a height of 32.000000. This error will be logged once per view in violation.
2021-07-04 16:41:38.055 firefox-bin[17528:805330] Warning: Expected min height of view: (<NSButton: 0x131ab5800>) to be less than or equal to 30 but got a height of 32.000000. This error will be logged once per view in violation.
2021-07-04 16:41:38.056 firefox-bin[17528:805330] Warning: Expected min height of view: (<NSButton: 0x131ab8800>) to be less than or equal to 30 but got a height of 32.000000. This error will be logged once per view in violation.
2021-07-04 16:41:38.056 firefox-bin[17528:805330] Warning: Expected min height of view: (<NSPopoverTouchBarItemButton: 0x131abb800>) to be less than or equal to 30 but got a height of 32.000000. This error will be logged once per view in violation.
2021-07-04 16:41:38.057 firefox-bin[17528:805330] Warning: Expected min height of view: (<NSPopoverTouchBarItemButton: 0x131b62800>) to be less than or equal to 30 but got a height of 32.000000. This error will be logged once per view in violation.
console.warn: SearchSettings: "get: No settings file exists, new profile?" (new NotFoundError("Could not open the file at /var/folders/mw/wtlz2c3j6s3dvg2ph5_m30m00000gn/T/rust_mozprofilej0Ltim/search.json.mozlz4", (void 0)))
1625406099002	Marionette	INFO	Listening on port 64279
1625406099052	Marionette	WARN	TLS certificate errors will be ignored for this session
1625406103276	Marionette	INFO	Stopped listening on port 64279
JavaScript error: resource://gre/modules/Sqlite.jsm, line 1030: Error: Sqlite.jsm has been shutdown. Cannot open connection to: /var/folders/mw/wtlz2c3j6s3dvg2ph5_m30m00000gn/T/rust_mozprofilej0Ltim/protections.sqlite

###!!! [Parent][RunMessage] Error: Channel closing: too late to send/recv, messages will be lost

1625406171417	geckodriver	INFO	Listening on 127.0.0.1:64382
1625406171426	mozrunner::runner	INFO	Running command: "/Applications/Firefox.app/Contents/MacOS/firefox-bin" "--marionette" "-foreground" "-no-remote" "-profile" "/var/folders/mw/wtlz2c3j6s3dvg2ph5_m30m00000gn/T/rust_mozprofileVk0sb4"
1625406171795	Marionette	INFO	Marionette enabled
2021-07-04 16:42:52.316 firefox-bin[17545:806395] Warning: Expected min height of view: (<NSButton: 0x12857c800>) to be less than or equal to 30 but got a height of 32.000000. This error will be logged once per view in violation.
2021-07-04 16:42:52.317 firefox-bin[17545:806395] Warning: Expected min height of view: (<NSButton: 0x134123000>) to be less than or equal to 30 but got a height of 32.000000. This error will be logged once per view in violation.
2021-07-04 16:42:52.317 firefox-bin[17545:806395] Warning: Expected min height of view: (<NSButton: 0x134123800>) to be less than or equal to 30 but got a height of 32.000000. This error will be logged once per view in violation.
2021-07-04 16:42:52.318 firefox-bin[17545:806395] Warning: Expected min height of view: (<NSButton: 0x134124400>) to be less than or equal to 30 but got a height of 32.000000. This error will be logged once per view in violation.
2021-07-04 16:42:52.319 firefox-bin[17545:806395] Warning: Expected min height of view: (<NSButton: 0x134126400>) to be less than or equal to 30 but got a height of 32.000000. This error will be logged once per view in violation.
2021-07-04 16:42:52.319 firefox-bin[17545:806395] Warning: Expected min height of view: (<NSPopoverTouchBarItemButton: 0x13412dc00>) to be less than or equal to 30 but got a height of 32.000000. This error will be logged once per view in violation.
2021-07-04 16:42:52.320 firefox-bin[17545:806395] Warning: Expected min height of view: (<NSPopoverTouchBarItemButton: 0x1341c6800>) to be less than or equal to 30 but got a height of 32.000000. This error will be logged once per view in violation.
console.warn: SearchSettings: "get: No settings file exists, new profile?" (new NotFoundError("Could not open the file at /var/folders/mw/wtlz2c3j6s3dvg2ph5_m30m00000gn/T/rust_mozprofileVk0sb4/search.json.mozlz4", (void 0)))
1625406173247	Marionette	INFO	Listening on port 64391
1625406173294	Marionette	WARN	TLS certificate errors will be ignored for this session
1625406176865	Marionette	INFO	Stopped listening on port 64391
JavaScript error: resource://gre/modules/Sqlite.jsm, line 1030: Error: Sqlite.jsm has been shutdown. Cannot open connection to: /var/folders/mw/wtlz2c3j6s3dvg2ph5_m30m00000gn/T/rust_mozprofileVk0sb4/protections.sqlite

###!!! [Parent][RunMessage] Error: Channel closing: too late to send/recv, messages will be lost

1625406237310	geckodriver	INFO	Listening on 127.0.0.1:64486
1625406238326	mozrunner::runner	INFO	Running command: "/Applications/Firefox.app/Contents/MacOS/firefox-bin" "--marionette" "-foreground" "-no-remote" "-profile" "/var/folders/mw/wtlz2c3j6s3dvg2ph5_m30m00000gn/T/rust_mozprofileWBvVlu"
1625406238676	Marionette	INFO	Marionette enabled
2021-07-04 16:43:59.222 firefox-bin[17559:807311] Warning: Expected min height of view: (<NSButton: 0x13be68800>) to be less than or equal to 30 but got a height of 32.000000. This error will be logged once per view in violation.
2021-07-04 16:43:59.223 firefox-bin[17559:807311] Warning: Expected min height of view: (<NSButton: 0x13c5fcc00>) to be less than or equal to 30 but got a height of 32.000000. This error will be logged once per view in violation.
2021-07-04 16:43:59.223 firefox-bin[17559:807311] Warning: Expected min height of view: (<NSButton: 0x13c5f6000>) to be less than or equal to 30 but got a height of 32.000000. This error will be logged once per view in violation.
2021-07-04 16:43:59.224 firefox-bin[17559:807311] Warning: Expected min height of view: (<NSButton: 0x13c5f5400>) to be less than or equal to 30 but got a height of 32.000000. This error will be logged once per view in violation.
2021-07-04 16:43:59.224 firefox-bin[17559:807311] Warning: Expected min height of view: (<NSButton: 0x13c5f5c00>) to be less than or equal to 30 but got a height of 32.000000. This error will be logged once per view in violation.
2021-07-04 16:43:59.225 firefox-bin[17559:807311] Warning: Expected min height of view: (<NSPopoverTouchBarItemButton: 0x13c5f7000>) to be less than or equal to 30 but got a height of 32.000000. This error will be logged once per view in violation.
2021-07-04 16:43:59.225 firefox-bin[17559:807311] Warning: Expected min height of view: (<NSPopoverTouchBarItemButton: 0x13ca4c400>) to be less than or equal to 30 but got a height of 32.000000. This error will be logged once per view in violation.
console.warn: SearchSettings: "get: No settings file exists, new profile?" (new NotFoundError("Could not open the file at /var/folders/mw/wtlz2c3j6s3dvg2ph5_m30m00000gn/T/rust_mozprofileWBvVlu/search.json.mozlz4", (void 0)))
1625406240191	Marionette	INFO	Listening on port 64497
1625406240275	Marionette	WARN	TLS certificate errors will be ignored for this session
1625406243823	Marionette	INFO	Stopped listening on port 64497

###!!! [Parent][RunMessage] Error: Channel closing: too late to send/recv, messages will be lost

1625406304270	geckodriver	INFO	Listening on 127.0.0.1:64594
1625406305287	mozrunner::runner	INFO	Running command: "/Applications/Firefox.app/Contents/MacOS/firefox-bin" "--marionette" "-foreground" "-no-remote" "-profile" "/var/folders/mw/wtlz2c3j6s3dvg2ph5_m30m00000gn/T/rust_mozprofileatiztn"
1625406305661	Marionette	INFO	Marionette enabled
2021-07-04 16:45:06.176 firefox-bin[17571:808209] Warning: Expected min height of view: (<NSButton: 0x12ea5dc00>) to be less than or equal to 30 but got a height of 32.000000. This error will be logged once per view in violation.
2021-07-04 16:45:06.177 firefox-bin[17571:808209] Warning: Expected min height of view: (<NSButton: 0x139bf1400>) to be less than or equal to 30 but got a height of 32.000000. This error will be logged once per view in violation.
2021-07-04 16:45:06.177 firefox-bin[17571:808209] Warning: Expected min height of view: (<NSButton: 0x139bf2000>) to be less than or equal to 30 but got a height of 32.000000. This error will be logged once per view in violation.
2021-07-04 16:45:06.178 firefox-bin[17571:808209] Warning: Expected min height of view: (<NSButton: 0x139bf2400>) to be less than or equal to 30 but got a height of 32.000000. This error will be logged once per view in violation.
2021-07-04 16:45:06.178 firefox-bin[17571:808209] Warning: Expected min height of view: (<NSButton: 0x139bf4c00>) to be less than or equal to 30 but got a height of 32.000000. This error will be logged once per view in violation.
2021-07-04 16:45:06.179 firefox-bin[17571:808209] Warning: Expected min height of view: (<NSPopoverTouchBarItemButton: 0x139bf2800>) to be less than or equal to 30 but got a height of 32.000000. This error will be logged once per view in violation.
2021-07-04 16:45:06.179 firefox-bin[17571:808209] Warning: Expected min height of view: (<NSPopoverTouchBarItemButton: 0x139e77c00>) to be less than or equal to 30 but got a height of 32.000000. This error will be logged once per view in violation.
console.warn: SearchSettings: "get: No settings file exists, new profile?" (new NotFoundError("Could not open the file at /var/folders/mw/wtlz2c3j6s3dvg2ph5_m30m00000gn/T/rust_mozprofileatiztn/search.json.mozlz4", (void 0)))
1625406307066	Marionette	INFO	Listening on port 64605
1625406307149	Marionette	WARN	TLS certificate errors will be ignored for this session
1625406311167	Marionette	INFO	Stopped listening on port 64605
JavaScript error: resource://gre/modules/AsyncShutdown.jsm, line 718: Error: Phase "Sqlite.jsm: wait until all connections are closed" is finished, it is too late to register completion condition "protections.sqlite#0: waiting for shutdown"

###!!! [Parent][RunMessage] Error: Channel closing: too late to send/recv, messages will be lost

1625406371667	geckodriver	INFO	Listening on 127.0.0.1:64696
1625406372684	mozrunner::runner	INFO	Running command: "/Applications/Firefox.app/Contents/MacOS/firefox-bin" "--marionette" "-foreground" "-no-remote" "-profile" "/var/folders/mw/wtlz2c3j6s3dvg2ph5_m30m00000gn/T/rust_mozprofile1ec8LX"
1625406373062	Marionette	INFO	Marionette enabled
2021-07-04 16:46:13.580 firefox-bin[17582:809146] Warning: Expected min height of view: (<NSButton: 0x129311400>) to be less than or equal to 30 but got a height of 32.000000. This error will be logged once per view in violation.
2021-07-04 16:46:13.580 firefox-bin[17582:809146] Warning: Expected min height of view: (<NSButton: 0x1346d2c00>) to be less than or equal to 30 but got a height of 32.000000. This error will be logged once per view in violation.
2021-07-04 16:46:13.581 firefox-bin[17582:809146] Warning: Expected min height of view: (<NSButton: 0x1346d3c00>) to be less than or equal to 30 but got a height of 32.000000. This error will be logged once per view in violation.
2021-07-04 16:46:13.581 firefox-bin[17582:809146] Warning: Expected min height of view: (<NSButton: 0x1346d5800>) to be less than or equal to 30 but got a height of 32.000000. This error will be logged once per view in violation.
2021-07-04 16:46:13.582 firefox-bin[17582:809146] Warning: Expected min height of view: (<NSButton: 0x1346d4400>) to be less than or equal to 30 but got a height of 32.000000. This error will be logged once per view in violation.
2021-07-04 16:46:13.582 firefox-bin[17582:809146] Warning: Expected min height of view: (<NSPopoverTouchBarItemButton: 0x1346d4c00>) to be less than or equal to 30 but got a height of 32.000000. This error will be logged once per view in violation.
2021-07-04 16:46:13.583 firefox-bin[17582:809146] Warning: Expected min height of view: (<NSPopoverTouchBarItemButton: 0x134a4f400>) to be less than or equal to 30 but got a height of 32.000000. This error will be logged once per view in violation.
console.warn: SearchSettings: "get: No settings file exists, new profile?" (new NotFoundError("Could not open the file at /var/folders/mw/wtlz2c3j6s3dvg2ph5_m30m00000gn/T/rust_mozprofile1ec8LX/search.json.mozlz4", (void 0)))
1625406374521	Marionette	INFO	Listening on port 64707
1625406374553	Marionette	WARN	TLS certificate errors will be ignored for this session
1625406378327	Marionette	INFO	Stopped listening on port 64707
JavaScript error: resource://gre/modules/Sqlite.jsm, line 1030: Error: Sqlite.jsm has been shutdown. Cannot open connection to: /var/folders/mw/wtlz2c3j6s3dvg2ph5_m30m00000gn/T/rust_mozprofile1ec8LX/protections.sqlite

###!!! [Parent][RunMessage] Error: Channel closing: too late to send/recv, messages will be lost

1625406445949	geckodriver	INFO	Listening on 127.0.0.1:64805
1625406445958	mozrunner::runner	INFO	Running command: "/Applications/Firefox.app/Contents/MacOS/firefox-bin" "--marionette" "-foreground" "-no-remote" "-profile" "/var/folders/mw/wtlz2c3j6s3dvg2ph5_m30m00000gn/T/rust_mozprofileVLMR7Y"
1625406446289	Marionette	INFO	Marionette enabled
2021-07-04 16:47:26.929 firefox-bin[17604:810328] Warning: Expected min height of view: (<NSButton: 0x12e7e3800>) to be less than or equal to 30 but got a height of 32.000000. This error will be logged once per view in violation.
2021-07-04 16:47:26.929 firefox-bin[17604:810328] Warning: Expected min height of view: (<NSButton: 0x12e7e6000>) to be less than or equal to 30 but got a height of 32.000000. This error will be logged once per view in violation.
2021-07-04 16:47:26.930 firefox-bin[17604:810328] Warning: Expected min height of view: (<NSButton: 0x12e7e6400>) to be less than or equal to 30 but got a height of 32.000000. This error will be logged once per view in violation.
2021-07-04 16:47:26.931 firefox-bin[17604:810328] Warning: Expected min height of view: (<NSButton: 0x12e7e4000>) to be less than or equal to 30 but got a height of 32.000000. This error will be logged once per view in violation.
2021-07-04 16:47:26.931 firefox-bin[17604:810328] Warning: Expected min height of view: (<NSButton: 0x12e7e5400>) to be less than or equal to 30 but got a height of 32.000000. This error will be logged once per view in violation.
2021-07-04 16:47:26.932 firefox-bin[17604:810328] Warning: Expected min height of view: (<NSPopoverTouchBarItemButton: 0x12e7f0800>) to be less than or equal to 30 but got a height of 32.000000. This error will be logged once per view in violation.
2021-07-04 16:47:26.932 firefox-bin[17604:810328] Warning: Expected min height of view: (<NSPopoverTouchBarItemButton: 0x12e884c00>) to be less than or equal to 30 but got a height of 32.000000. This error will be logged once per view in violation.
console.warn: SearchSettings: "get: No settings file exists, new profile?" (new NotFoundError("Could not open the file at /var/folders/mw/wtlz2c3j6s3dvg2ph5_m30m00000gn/T/rust_mozprofileVLMR7Y/search.json.mozlz4", (void 0)))
1625406447820	Marionette	INFO	Listening on port 64814
1625406447907	Marionette	WARN	TLS certificate errors will be ignored for this session
1625406451969	Marionette	INFO	Stopped listening on port 64814
JavaScript error: resource://gre/modules/AsyncShutdown.jsm, line 718: Error: Phase "Sqlite.jsm: wait until all connections are closed" is finished, it is too late to register completion condition "protections.sqlite#0: waiting for shutdown"

###!!! [Parent][RunMessage] Error: Channel closing: too late to send/recv, messages will be lost

1625406512388	geckodriver	INFO	Listening on 127.0.0.1:64937
1625406513401	mozrunner::runner	INFO	Running command: "/Applications/Firefox.app/Contents/MacOS/firefox-bin" "--marionette" "-foreground" "-no-remote" "-profile" "/var/folders/mw/wtlz2c3j6s3dvg2ph5_m30m00000gn/T/rust_mozprofilewCTH90"
1625406513748	Marionette	INFO	Marionette enabled
2021-07-04 16:48:34.281 firefox-bin[17622:811495] Warning: Expected min height of view: (<NSButton: 0x12620d000>) to be less than or equal to 30 but got a height of 32.000000. This error will be logged once per view in violation.
2021-07-04 16:48:34.282 firefox-bin[17622:811495] Warning: Expected min height of view: (<NSButton: 0x132f1f800>) to be less than or equal to 30 but got a height of 32.000000. This error will be logged once per view in violation.
2021-07-04 16:48:34.282 firefox-bin[17622:811495] Warning: Expected min height of view: (<NSButton: 0x132f23c00>) to be less than or equal to 30 but got a height of 32.000000. This error will be logged once per view in violation.
2021-07-04 16:48:34.283 firefox-bin[17622:811495] Warning: Expected min height of view: (<NSButton: 0x132f24000>) to be less than or equal to 30 but got a height of 32.000000. This error will be logged once per view in violation.
2021-07-04 16:48:34.283 firefox-bin[17622:811495] Warning: Expected min height of view: (<NSButton: 0x132f1c400>) to be less than or equal to 30 but got a height of 32.000000. This error will be logged once per view in violation.
2021-07-04 16:48:34.284 firefox-bin[17622:811495] Warning: Expected min height of view: (<NSPopoverTouchBarItemButton: 0x132f27c00>) to be less than or equal to 30 but got a height of 32.000000. This error will be logged once per view in violation.
2021-07-04 16:48:34.284 firefox-bin[17622:811495] Warning: Expected min height of view: (<NSPopoverTouchBarItemButton: 0x132fc0400>) to be less than or equal to 30 but got a height of 32.000000. This error will be logged once per view in violation.
console.warn: SearchSettings: "get: No settings file exists, new profile?" (new NotFoundError("Could not open the file at /var/folders/mw/wtlz2c3j6s3dvg2ph5_m30m00000gn/T/rust_mozprofilewCTH90/search.json.mozlz4", (void 0)))
1625406515259	Marionette	INFO	Listening on port 64944
1625406515274	Marionette	WARN	TLS certificate errors will be ignored for this session
1625406518539	Marionette	INFO	Stopped listening on port 64944

###!!! [Parent][RunMessage] Error: Channel closing: too late to send/recv, messages will be lost

1625406578994	geckodriver	INFO	Listening on 127.0.0.1:65037
1625406580004	mozrunner::runner	INFO	Running command: "/Applications/Firefox.app/Contents/MacOS/firefox-bin" "--marionette" "-foreground" "-no-remote" "-profile" "/var/folders/mw/wtlz2c3j6s3dvg2ph5_m30m00000gn/T/rust_mozprofile6YroUr"
1625406580332	Marionette	INFO	Marionette enabled
2021-07-04 16:49:40.907 firefox-bin[17643:812639] Warning: Expected min height of view: (<NSButton: 0x128c34000>) to be less than or equal to 30 but got a height of 32.000000. This error will be logged once per view in violation.
2021-07-04 16:49:40.908 firefox-bin[17643:812639] Warning: Expected min height of view: (<NSButton: 0x134716400>) to be less than or equal to 30 but got a height of 32.000000. This error will be logged once per view in violation.
2021-07-04 16:49:40.908 firefox-bin[17643:812639] Warning: Expected min height of view: (<NSButton: 0x134715c00>) to be less than or equal to 30 but got a height of 32.000000. This error will be logged once per view in violation.
2021-07-04 16:49:40.909 firefox-bin[17643:812639] Warning: Expected min height of view: (<NSButton: 0x134712800>) to be less than or equal to 30 but got a height of 32.000000. This error will be logged once per view in violation.
2021-07-04 16:49:40.909 firefox-bin[17643:812639] Warning: Expected min height of view: (<NSButton: 0x134716800>) to be less than or equal to 30 but got a height of 32.000000. This error will be logged once per view in violation.
2021-07-04 16:49:40.910 firefox-bin[17643:812639] Warning: Expected min height of view: (<NSPopoverTouchBarItemButton: 0x134716c00>) to be less than or equal to 30 but got a height of 32.000000. This error will be logged once per view in violation.
2021-07-04 16:49:40.910 firefox-bin[17643:812639] Warning: Expected min height of view: (<NSPopoverTouchBarItemButton: 0x127b12400>) to be less than or equal to 30 but got a height of 32.000000. This error will be logged once per view in violation.
console.warn: SearchSettings: "get: No settings file exists, new profile?" (new NotFoundError("Could not open the file at /var/folders/mw/wtlz2c3j6s3dvg2ph5_m30m00000gn/T/rust_mozprofile6YroUr/search.json.mozlz4", (void 0)))
1625406581783	Marionette	INFO	Listening on port 65048
1625406581860	Marionette	WARN	TLS certificate errors will be ignored for this session
1625406585424	Marionette	INFO	Stopped listening on port 65048

###!!! [Child][RunMessage] Error: Channel closing: too late to send/recv, messages will be lost


###!!! [Child][RunMessage] Error: Channel closing: too late to send/recv, messages will be lost


###!!! [Child][RunMessage] Error: Channel closing: too late to send/recv, messages will be lost

JavaScript error: resource://gre/modules/Sqlite.jsm, line 1030: Error: Sqlite.jsm has been shutdown. Cannot open connection to: /var/folders/mw/wtlz2c3j6s3dvg2ph5_m30m00000gn/T/rust_mozprofile6YroUr/protections.sqlite

###!!! [Parent][RunMessage] Error: Channel closing: too late to send/recv, messages will be lost

1625406846396	geckodriver	INFO	Listening on 127.0.0.1:65250
1625406846403	mozrunner::runner	INFO	Running command: "/Applications/Firefox.app/Contents/MacOS/firefox-bin" "--marionette" "-foreground" "-no-remote" "-profile" "/var/folders/mw/wtlz2c3j6s3dvg2ph5_m30m00000gn/T/rust_mozprofileUNNytT"
1625406846741	Marionette	INFO	Marionette enabled
2021-07-04 16:54:07.315 firefox-bin[17714:816608] Warning: Expected min height of view: (<NSButton: 0x127b44400>) to be less than or equal to 30 but got a height of 32.000000. This error will be logged once per view in violation.
2021-07-04 16:54:07.315 firefox-bin[17714:816608] Warning: Expected min height of view: (<NSButton: 0x133618400>) to be less than or equal to 30 but got a height of 32.000000. This error will be logged once per view in violation.
2021-07-04 16:54:07.316 firefox-bin[17714:816608] Warning: Expected min height of view: (<NSButton: 0x133616800>) to be less than or equal to 30 but got a height of 32.000000. This error will be logged once per view in violation.
2021-07-04 16:54:07.316 firefox-bin[17714:816608] Warning: Expected min height of view: (<NSButton: 0x133613000>) to be less than or equal to 30 but got a height of 32.000000. This error will be logged once per view in violation.
2021-07-04 16:54:07.317 firefox-bin[17714:816608] Warning: Expected min height of view: (<NSButton: 0x133614000>) to be less than or equal to 30 but got a height of 32.000000. This error will be logged once per view in violation.
2021-07-04 16:54:07.318 firefox-bin[17714:816608] Warning: Expected min height of view: (<NSPopoverTouchBarItemButton: 0x133615400>) to be less than or equal to 30 but got a height of 32.000000. This error will be logged once per view in violation.
2021-07-04 16:54:07.318 firefox-bin[17714:816608] Warning: Expected min height of view: (<NSPopoverTouchBarItemButton: 0x1336c5800>) to be less than or equal to 30 but got a height of 32.000000. This error will be logged once per view in violation.
console.warn: SearchSettings: "get: No settings file exists, new profile?" (new NotFoundError("Could not open the file at /var/folders/mw/wtlz2c3j6s3dvg2ph5_m30m00000gn/T/rust_mozprofileUNNytT/search.json.mozlz4", (void 0)))
1625406848231	Marionette	INFO	Listening on port 65259
1625406848265	Marionette	WARN	TLS certificate errors will be ignored for this session
1625406851883	Marionette	INFO	Stopped listening on port 65259

###!!! [Parent][RunMessage] Error: Channel closing: too late to send/recv, messages will be lost

1625406912325	geckodriver	INFO	Listening on 127.0.0.1:65349
1625406913338	mozrunner::runner	INFO	Running command: "/Applications/Firefox.app/Contents/MacOS/firefox-bin" "--marionette" "-foreground" "-no-remote" "-profile" "/var/folders/mw/wtlz2c3j6s3dvg2ph5_m30m00000gn/T/rust_mozprofileYRq0ED"
1625406913692	Marionette	INFO	Marionette enabled
2021-07-04 16:55:14.295 firefox-bin[17726:817491] Warning: Expected min height of view: (<NSButton: 0x131b66800>) to be less than or equal to 30 but got a height of 32.000000. This error will be logged once per view in violation.
2021-07-04 16:55:14.295 firefox-bin[17726:817491] Warning: Expected min height of view: (<NSButton: 0x131b6b400>) to be less than or equal to 30 but got a height of 32.000000. This error will be logged once per view in violation.
2021-07-04 16:55:14.296 firefox-bin[17726:817491] Warning: Expected min height of view: (<NSButton: 0x131b6f000>) to be less than or equal to 30 but got a height of 32.000000. This error will be logged once per view in violation.
2021-07-04 16:55:14.296 firefox-bin[17726:817491] Warning: Expected min height of view: (<NSButton: 0x131b70400>) to be less than or equal to 30 but got a height of 32.000000. This error will be logged once per view in violation.
2021-07-04 16:55:14.297 firefox-bin[17726:817491] Warning: Expected min height of view: (<NSButton: 0x131b71800>) to be less than or equal to 30 but got a height of 32.000000. This error will be logged once per view in violation.
2021-07-04 16:55:14.297 firefox-bin[17726:817491] Warning: Expected min height of view: (<NSPopoverTouchBarItemButton: 0x131b71c00>) to be less than or equal to 30 but got a height of 32.000000. This error will be logged once per view in violation.
2021-07-04 16:55:14.298 firefox-bin[17726:817491] Warning: Expected min height of view: (<NSPopoverTouchBarItemButton: 0x13177c400>) to be less than or equal to 30 but got a height of 32.000000. This error will be logged once per view in violation.
console.warn: SearchSettings: "get: No settings file exists, new profile?" (new NotFoundError("Could not open the file at /var/folders/mw/wtlz2c3j6s3dvg2ph5_m30m00000gn/T/rust_mozprofileYRq0ED/search.json.mozlz4", (void 0)))
1625406915215	Marionette	INFO	Listening on port 65360
1625406915311	Marionette	WARN	TLS certificate errors will be ignored for this session
1625406918846	Marionette	INFO	Stopped listening on port 65360

###!!! [Parent][RunMessage] Error: Channel closing: too late to send/recv, messages will be lost

1625406979269	geckodriver	INFO	Listening on 127.0.0.1:65457
1625406980284	mozrunner::runner	INFO	Running command: "/Applications/Firefox.app/Contents/MacOS/firefox-bin" "--marionette" "-foreground" "-no-remote" "-profile" "/var/folders/mw/wtlz2c3j6s3dvg2ph5_m30m00000gn/T/rust_mozprofile17Fqa0"
1625406980658	Marionette	INFO	Marionette enabled
2021-07-04 16:56:21.172 firefox-bin[17737:818357] Warning: Expected min height of view: (<NSButton: 0x13b5f3000>) to be less than or equal to 30 but got a height of 32.000000. This error will be logged once per view in violation.
2021-07-04 16:56:21.173 firefox-bin[17737:818357] Warning: Expected min height of view: (<NSButton: 0x13b5f4000>) to be less than or equal to 30 but got a height of 32.000000. This error will be logged once per view in violation.
2021-07-04 16:56:21.173 firefox-bin[17737:818357] Warning: Expected min height of view: (<NSButton: 0x13b5f6000>) to be less than or equal to 30 but got a height of 32.000000. This error will be logged once per view in violation.
2021-07-04 16:56:21.174 firefox-bin[17737:818357] Warning: Expected min height of view: (<NSButton: 0x13b5f4800>) to be less than or equal to 30 but got a height of 32.000000. This error will be logged once per view in violation.
2021-07-04 16:56:21.174 firefox-bin[17737:818357] Warning: Expected min height of view: (<NSButton: 0x13b5f5c00>) to be less than or equal to 30 but got a height of 32.000000. This error will be logged once per view in violation.
2021-07-04 16:56:21.175 firefox-bin[17737:818357] Warning: Expected min height of view: (<NSPopoverTouchBarItemButton: 0x13b5f2400>) to be less than or equal to 30 but got a height of 32.000000. This error will be logged once per view in violation.
2021-07-04 16:56:21.175 firefox-bin[17737:818357] Warning: Expected min height of view: (<NSPopoverTouchBarItemButton: 0x13b951800>) to be less than or equal to 30 but got a height of 32.000000. This error will be logged once per view in violation.
console.warn: SearchSettings: "get: No settings file exists, new profile?" (new NotFoundError("Could not open the file at /var/folders/mw/wtlz2c3j6s3dvg2ph5_m30m00000gn/T/rust_mozprofile17Fqa0/search.json.mozlz4", (void 0)))
1625406982079	Marionette	INFO	Listening on port 65468
1625406982137	Marionette	WARN	TLS certificate errors will be ignored for this session
1625406985622	Marionette	INFO	Stopped listening on port 65468
JavaScript error: resource://gre/modules/AsyncShutdown.jsm, line 718: Error: Phase "Sqlite.jsm: wait until all connections are closed" is finished, it is too late to register completion condition "protections.sqlite#0: waiting for shutdown"

###!!! [Parent][RunMessage] Error: Channel closing: too late to send/recv, messages will be lost

1625407046066	geckodriver	INFO	Listening on 127.0.0.1:49173
1625407047082	mozrunner::runner	INFO	Running command: "/Applications/Firefox.app/Contents/MacOS/firefox-bin" "--marionette" "-foreground" "-no-remote" "-profile" "/var/folders/mw/wtlz2c3j6s3dvg2ph5_m30m00000gn/T/rust_mozprofilerzLOEw"
1625407047437	Marionette	INFO	Marionette enabled
console.warn: SearchSettings: "get: No settings file exists, new profile?" (new NotFoundError("Could not open the file at /var/folders/mw/wtlz2c3j6s3dvg2ph5_m30m00000gn/T/rust_mozprofilerzLOEw/search.json.mozlz4", (void 0)))
1625407048668	Marionette	INFO	Listening on port 49180
1625407048733	Marionette	WARN	TLS certificate errors will be ignored for this session
1625407053811	Marionette	INFO	Stopped listening on port 49180

###!!! [Parent][RunMessage] Error: Channel closing: too late to send/recv, messages will be lost

1625407462860	Marionette	INFO	Stopped listening on port 63508

###!!! [Parent][RunMessage] Error: Channel closing: too late to send/recv, messages will be lost

1625430726331	geckodriver	INFO	Listening on 127.0.0.1:50426
1625430726346	mozrunner::runner	INFO	Running command: "/Applications/Firefox.app/Contents/MacOS/firefox-bin" "--marionette" "-foreground" "-no-remote" "-profile" "/var/folders/mw/wtlz2c3j6s3dvg2ph5_m30m00000gn/T/rust_mozprofileA4311s"
1625430726682	Marionette	INFO	Marionette enabled
